[12:17:43] [ServerMain/INFO]: Building unoptimized datafixer
[12:17:47] [ServerMain/INFO]: Environment: authHost='https://authserver.mojang.com', accountsHost='https://api.mojang.com', sessionHost='https://sessionserver.mojang.com', servicesHost='https://api.minecraftservices.com', name='PROD'
[12:17:53] [ServerMain/INFO]: Loaded 7 recipes
[12:17:57] [Server thread/INFO]: Starting minecraft server version 1.19
[12:17:57] [Server thread/INFO]: Loading properties
[12:17:58] [Server thread/INFO]: This server is running CraftBukkit version 3551-Spigot-14a2382-9a8e080 (MC: 1.19) (Implementing API version 1.19-R0.1-SNAPSHOT)
[12:17:58] [Server thread/INFO]: Debug logging is disabled
[12:17:58] [Server thread/INFO]: Server Ping Player Sample Count: 12
[12:17:58] [Server thread/INFO]: Using 4 threads for Netty based IO
[12:17:58] [Server thread/INFO]: Default game type: SURVIVAL
[12:17:58] [Server thread/INFO]: Generating keypair
[12:17:59] [Server thread/INFO]: Starting Minecraft server on *:25565
[12:17:59] [Server thread/INFO]: Using default channel type
[12:18:01] [Server thread/INFO]: [naoMachiPlugin] Loading naoMachiPlugin v1.0
[12:18:01] [Server thread/INFO]: Preparing level "world"
[12:18:02] [Server thread/INFO]: -------- World Settings For [world] --------
[12:18:02] [Server thread/INFO]: Cactus Growth Modifier: 100%
[12:18:02] [Server thread/INFO]: Cane Growth Modifier: 100%
[12:18:02] [Server thread/INFO]: Melon Growth Modifier: 100%
[12:18:02] [Server thread/INFO]: Mushroom Growth Modifier: 100%
[12:18:02] [Server thread/INFO]: Pumpkin Growth Modifier: 100%
[12:18:02] [Server thread/INFO]: Sapling Growth Modifier: 100%
[12:18:02] [Server thread/INFO]: Beetroot Growth Modifier: 100%
[12:18:02] [Server thread/INFO]: Carrot Growth Modifier: 100%
[12:18:02] [Server thread/INFO]: Potato Growth Modifier: 100%
[12:18:02] [Server thread/INFO]: Wheat Growth Modifier: 100%
[12:18:02] [Server thread/INFO]: NetherWart Growth Modifier: 100%
[12:18:02] [Server thread/INFO]: Vine Growth Modifier: 100%
[12:18:02] [Server thread/INFO]: Cocoa Growth Modifier: 100%
[12:18:02] [Server thread/INFO]: Bamboo Growth Modifier: 100%
[12:18:02] [Server thread/INFO]: SweetBerry Growth Modifier: 100%
[12:18:02] [Server thread/INFO]: Kelp Growth Modifier: 100%
[12:18:02] [Server thread/INFO]: Experience Merge Radius: 3.0
[12:18:02] [Server thread/INFO]: Mob Spawn Range: 6
[12:18:02] [Server thread/INFO]: Entity Activation Range: An 32 / Mo 32 / Ra 48 / Mi 16 / Tiv true / Isa false
[12:18:02] [Server thread/INFO]: Entity Tracking Range: Pl 48 / An 48 / Mo 48 / Mi 32 / Other 64
[12:18:02] [Server thread/INFO]: Hopper Transfer: 8 Hopper Check: 1 Hopper Amount: 1 Hopper Can Load Chunks: false
[12:18:02] [Server thread/INFO]: Custom Map Seeds:  Village: 10387312 Desert: 14357617 Igloo: 14357618 Jungle: 14357619 Swamp: 14357620 Monument: 10387313 Ocean: 14357621 Shipwreck: 165745295 End City: 10387313 Slime: 987234911 Nether: 30084232 Mansion: 10387319 Fossil: 14357921 Portal: 34222645
[12:18:02] [Server thread/INFO]: Max TNT Explosions: 100
[12:18:02] [Server thread/INFO]: Tile Max Tick Time: 50ms Entity max Tick Time: 50ms
[12:18:02] [Server thread/INFO]: View Distance: 10
[12:18:02] [Server thread/INFO]: Simulation Distance: 10
[12:18:02] [Server thread/INFO]: Item Merge Radius: 2.5
[12:18:02] [Server thread/INFO]: Item Despawn Rate: 6000
[12:18:02] [Server thread/INFO]: Allow Zombie Pigmen to spawn from portal blocks: true
[12:18:02] [Server thread/INFO]: Arrow Despawn Rate: 1200 Trident Respawn Rate:1200
[12:18:02] [Server thread/INFO]: Zombie Aggressive Towards Villager: true
[12:18:02] [Server thread/INFO]: Nerfing mobs spawned from spawners: false
[12:18:03] [Server thread/INFO]: -------- World Settings For [world_nether] --------
[12:18:03] [Server thread/INFO]: Cactus Growth Modifier: 100%
[12:18:03] [Server thread/INFO]: Cane Growth Modifier: 100%
[12:18:03] [Server thread/INFO]: Melon Growth Modifier: 100%
[12:18:03] [Server thread/INFO]: Mushroom Growth Modifier: 100%
[12:18:03] [Server thread/INFO]: Pumpkin Growth Modifier: 100%
[12:18:03] [Server thread/INFO]: Sapling Growth Modifier: 100%
[12:18:03] [Server thread/INFO]: Beetroot Growth Modifier: 100%
[12:18:03] [Server thread/INFO]: Carrot Growth Modifier: 100%
[12:18:03] [Server thread/INFO]: Potato Growth Modifier: 100%
[12:18:03] [Server thread/INFO]: Wheat Growth Modifier: 100%
[12:18:03] [Server thread/INFO]: NetherWart Growth Modifier: 100%
[12:18:03] [Server thread/INFO]: Vine Growth Modifier: 100%
[12:18:03] [Server thread/INFO]: Cocoa Growth Modifier: 100%
[12:18:03] [Server thread/INFO]: Bamboo Growth Modifier: 100%
[12:18:03] [Server thread/INFO]: SweetBerry Growth Modifier: 100%
[12:18:03] [Server thread/INFO]: Kelp Growth Modifier: 100%
[12:18:03] [Server thread/INFO]: Experience Merge Radius: 3.0
[12:18:03] [Server thread/INFO]: Mob Spawn Range: 6
[12:18:03] [Server thread/INFO]: Entity Activation Range: An 32 / Mo 32 / Ra 48 / Mi 16 / Tiv true / Isa false
[12:18:03] [Server thread/INFO]: Entity Tracking Range: Pl 48 / An 48 / Mo 48 / Mi 32 / Other 64
[12:18:03] [Server thread/INFO]: Hopper Transfer: 8 Hopper Check: 1 Hopper Amount: 1 Hopper Can Load Chunks: false
[12:18:03] [Server thread/INFO]: Custom Map Seeds:  Village: 10387312 Desert: 14357617 Igloo: 14357618 Jungle: 14357619 Swamp: 14357620 Monument: 10387313 Ocean: 14357621 Shipwreck: 165745295 End City: 10387313 Slime: 987234911 Nether: 30084232 Mansion: 10387319 Fossil: 14357921 Portal: 34222645
[12:18:03] [Server thread/INFO]: Max TNT Explosions: 100
[12:18:03] [Server thread/INFO]: Tile Max Tick Time: 50ms Entity max Tick Time: 50ms
[12:18:03] [Server thread/INFO]: View Distance: 10
[12:18:03] [Server thread/INFO]: Simulation Distance: 10
[12:18:03] [Server thread/INFO]: Item Merge Radius: 2.5
[12:18:03] [Server thread/INFO]: Item Despawn Rate: 6000
[12:18:03] [Server thread/INFO]: Allow Zombie Pigmen to spawn from portal blocks: true
[12:18:03] [Server thread/INFO]: Arrow Despawn Rate: 1200 Trident Respawn Rate:1200
[12:18:03] [Server thread/INFO]: Zombie Aggressive Towards Villager: true
[12:18:03] [Server thread/INFO]: Nerfing mobs spawned from spawners: false
[12:18:03] [Server thread/INFO]: -------- World Settings For [world_the_end] --------
[12:18:03] [Server thread/INFO]: Cactus Growth Modifier: 100%
[12:18:03] [Server thread/INFO]: Cane Growth Modifier: 100%
[12:18:03] [Server thread/INFO]: Melon Growth Modifier: 100%
[12:18:03] [Server thread/INFO]: Mushroom Growth Modifier: 100%
[12:18:03] [Server thread/INFO]: Pumpkin Growth Modifier: 100%
[12:18:03] [Server thread/INFO]: Sapling Growth Modifier: 100%
[12:18:03] [Server thread/INFO]: Beetroot Growth Modifier: 100%
[12:18:03] [Server thread/INFO]: Carrot Growth Modifier: 100%
[12:18:03] [Server thread/INFO]: Potato Growth Modifier: 100%
[12:18:03] [Server thread/INFO]: Wheat Growth Modifier: 100%
[12:18:03] [Server thread/INFO]: NetherWart Growth Modifier: 100%
[12:18:03] [Server thread/INFO]: Vine Growth Modifier: 100%
[12:18:03] [Server thread/INFO]: Cocoa Growth Modifier: 100%
[12:18:03] [Server thread/INFO]: Bamboo Growth Modifier: 100%
[12:18:03] [Server thread/INFO]: SweetBerry Growth Modifier: 100%
[12:18:03] [Server thread/INFO]: Kelp Growth Modifier: 100%
[12:18:03] [Server thread/INFO]: Experience Merge Radius: 3.0
[12:18:03] [Server thread/INFO]: Mob Spawn Range: 6
[12:18:03] [Server thread/INFO]: Entity Activation Range: An 32 / Mo 32 / Ra 48 / Mi 16 / Tiv true / Isa false
[12:18:03] [Server thread/INFO]: Entity Tracking Range: Pl 48 / An 48 / Mo 48 / Mi 32 / Other 64
[12:18:03] [Server thread/INFO]: Hopper Transfer: 8 Hopper Check: 1 Hopper Amount: 1 Hopper Can Load Chunks: false
[12:18:03] [Server thread/INFO]: Custom Map Seeds:  Village: 10387312 Desert: 14357617 Igloo: 14357618 Jungle: 14357619 Swamp: 14357620 Monument: 10387313 Ocean: 14357621 Shipwreck: 165745295 End City: 10387313 Slime: 987234911 Nether: 30084232 Mansion: 10387319 Fossil: 14357921 Portal: 34222645
[12:18:03] [Server thread/INFO]: Max TNT Explosions: 100
[12:18:03] [Server thread/INFO]: Tile Max Tick Time: 50ms Entity max Tick Time: 50ms
[12:18:03] [Server thread/INFO]: View Distance: 10
[12:18:03] [Server thread/INFO]: Simulation Distance: 10
[12:18:03] [Server thread/INFO]: Item Merge Radius: 2.5
[12:18:03] [Server thread/INFO]: Item Despawn Rate: 6000
[12:18:03] [Server thread/INFO]: Allow Zombie Pigmen to spawn from portal blocks: true
[12:18:03] [Server thread/INFO]: Arrow Despawn Rate: 1200 Trident Respawn Rate:1200
[12:18:03] [Server thread/INFO]: Zombie Aggressive Towards Villager: true
[12:18:03] [Server thread/INFO]: Nerfing mobs spawned from spawners: false
[12:18:03] [Server thread/INFO]: Preparing start region for dimension minecraft:overworld
[12:18:14] [Worker-Main-3/INFO]: Preparing spawn area: 0%
[12:18:14] [Worker-Main-3/INFO]: Preparing spawn area: 0%
[12:18:14] [Worker-Main-3/INFO]: Preparing spawn area: 0%
[12:18:14] [Worker-Main-3/INFO]: Preparing spawn area: 0%
[12:18:14] [Worker-Main-3/INFO]: Preparing spawn area: 0%
[12:18:14] [Worker-Main-3/INFO]: Preparing spawn area: 0%
[12:18:14] [Worker-Main-3/INFO]: Preparing spawn area: 0%
[12:18:14] [Worker-Main-3/INFO]: Preparing spawn area: 0%
[12:18:14] [Worker-Main-3/INFO]: Preparing spawn area: 0%
[12:18:14] [Worker-Main-3/INFO]: Preparing spawn area: 0%
[12:18:14] [Worker-Main-3/INFO]: Preparing spawn area: 0%
[12:18:14] [Worker-Main-3/INFO]: Preparing spawn area: 0%
[12:18:14] [Worker-Main-3/INFO]: Preparing spawn area: 0%
[12:18:14] [Worker-Main-3/INFO]: Preparing spawn area: 0%
[12:18:14] [Worker-Main-3/INFO]: Preparing spawn area: 0%
[12:18:14] [Worker-Main-3/INFO]: Preparing spawn area: 0%
[12:18:14] [Worker-Main-3/INFO]: Preparing spawn area: 0%
[12:18:14] [Worker-Main-3/INFO]: Preparing spawn area: 0%
[12:18:14] [Worker-Main-3/INFO]: Preparing spawn area: 0%
[12:18:14] [Worker-Main-3/INFO]: Preparing spawn area: 0%
[12:18:14] [Worker-Main-3/INFO]: Preparing spawn area: 0%
[12:18:14] [Worker-Main-3/INFO]: Preparing spawn area: 0%
[12:18:14] [Worker-Main-2/INFO]: Preparing spawn area: 0%
[12:18:15] [Worker-Main-3/INFO]: Preparing spawn area: 0%
[12:18:15] [Worker-Main-2/INFO]: Preparing spawn area: 3%
[12:18:16] [Worker-Main-3/INFO]: Preparing spawn area: 9%
[12:18:16] [Worker-Main-3/INFO]: Preparing spawn area: 12%
[12:18:17] [Worker-Main-2/INFO]: Preparing spawn area: 39%
[12:18:17] [Worker-Main-2/INFO]: Preparing spawn area: 67%
[12:18:18] [Worker-Main-2/INFO]: Preparing spawn area: 71%
[12:18:18] [Server thread/INFO]: Time elapsed: 15052 ms
[12:18:19] [Server thread/INFO]: Preparing start region for dimension minecraft:the_nether
[12:18:28] [Worker-Main-2/INFO]: Preparing spawn area: 0%
[12:18:28] [Worker-Main-2/INFO]: Preparing spawn area: 0%
[12:18:28] [Worker-Main-2/INFO]: Preparing spawn area: 0%
[12:18:28] [Worker-Main-2/INFO]: Preparing spawn area: 0%
[12:18:28] [Worker-Main-2/INFO]: Preparing spawn area: 0%
[12:18:28] [Worker-Main-2/INFO]: Preparing spawn area: 0%
[12:18:28] [Worker-Main-2/INFO]: Preparing spawn area: 0%
[12:18:28] [Worker-Main-2/INFO]: Preparing spawn area: 0%
[12:18:28] [Worker-Main-2/INFO]: Preparing spawn area: 0%
[12:18:28] [Worker-Main-2/INFO]: Preparing spawn area: 0%
[12:18:28] [Worker-Main-2/INFO]: Preparing spawn area: 0%
[12:18:28] [Worker-Main-2/INFO]: Preparing spawn area: 0%
[12:18:28] [Worker-Main-2/INFO]: Preparing spawn area: 0%
[12:18:28] [Worker-Main-2/INFO]: Preparing spawn area: 0%
[12:18:28] [Worker-Main-2/INFO]: Preparing spawn area: 0%
[12:18:28] [Worker-Main-2/INFO]: Preparing spawn area: 0%
[12:18:28] [Worker-Main-2/INFO]: Preparing spawn area: 0%
[12:18:28] [Worker-Main-2/INFO]: Preparing spawn area: 0%
[12:18:28] [Worker-Main-2/INFO]: Preparing spawn area: 0%
[12:18:28] [Worker-Main-3/INFO]: Preparing spawn area: 0%
[12:18:29] [Worker-Main-2/INFO]: Preparing spawn area: 9%
[12:18:29] [Worker-Main-3/INFO]: Preparing spawn area: 43%
[12:18:30] [Worker-Main-2/INFO]: Preparing spawn area: 84%
[12:18:30] [Server thread/INFO]: Time elapsed: 11353 ms
[12:18:30] [Server thread/INFO]: Preparing start region for dimension minecraft:the_end
[12:18:38] [Worker-Main-3/INFO]: Preparing spawn area: 0%
[12:18:38] [Worker-Main-3/INFO]: Preparing spawn area: 0%
[12:18:38] [Worker-Main-3/INFO]: Preparing spawn area: 0%
[12:18:38] [Worker-Main-3/INFO]: Preparing spawn area: 0%
[12:18:38] [Worker-Main-2/INFO]: Preparing spawn area: 0%
[12:18:38] [Worker-Main-2/INFO]: Preparing spawn area: 0%
[12:18:38] [Worker-Main-2/INFO]: Preparing spawn area: 0%
[12:18:38] [Worker-Main-2/INFO]: Preparing spawn area: 0%
[12:18:38] [Worker-Main-2/INFO]: Preparing spawn area: 0%
[12:18:38] [Worker-Main-2/INFO]: Preparing spawn area: 0%
[12:18:38] [Worker-Main-3/INFO]: Preparing spawn area: 0%
[12:18:38] [Worker-Main-3/INFO]: Preparing spawn area: 0%
[12:18:38] [Worker-Main-3/INFO]: Preparing spawn area: 0%
[12:18:38] [Worker-Main-3/INFO]: Preparing spawn area: 0%
[12:18:38] [Worker-Main-3/INFO]: Preparing spawn area: 0%
[12:18:38] [Worker-Main-3/INFO]: Preparing spawn area: 0%
[12:18:38] [Worker-Main-3/INFO]: Preparing spawn area: 0%
[12:18:38] [Worker-Main-3/INFO]: Preparing spawn area: 0%
[12:18:39] [Worker-Main-2/INFO]: Preparing spawn area: 30%
[12:18:39] [Worker-Main-2/INFO]: Preparing spawn area: 85%
[12:18:40] [Server thread/INFO]: Time elapsed: 9638 ms
[12:18:40] [Server thread/INFO]: [naoMachiPlugin] Enabling naoMachiPlugin v1.0
[12:18:40] [Server thread/INFO]: Plugin Started !!
[12:18:40] [Server thread/INFO]: Server permissions file permissions.yml is empty, ignoring it
[12:18:40] [Server thread/INFO]: Done (38.326s)! For help, type "help"
[12:19:12] [Server thread/WARN]: Can't keep up! Is the server overloaded? Running 6156ms or 123 ticks behind
[12:19:46] [User Authenticator #1/INFO]: UUID of player Yodana is fa001a88-a42d-4e72-b12d-73f937860c8a
[12:19:49] [Server thread/INFO]: Yodana joined the game
[12:19:50] [Server thread/INFO]: Yodana[/127.0.0.1:56617] logged in with entity id 286 at ([world]10.572289465747824, 67.0, 56.496740085749224)
[12:19:52] [Server thread/WARN]: Can't keep up! Is the server overloaded? Running 5025ms or 100 ticks behind
[12:20:38] [Server thread/WARN]: Can't keep up! Is the server overloaded? Running 16939ms or 338 ticks behind
[12:20:55] [Server thread/INFO]: Yodana issued server command: /deop Yodana
[12:20:55] [Server thread/INFO]: [Yodana: Made Yodana no longer a server operator]
[12:21:04] [Server thread/INFO]: Yodana issued server command: /hello
[12:21:30] [Server thread/WARN]: Can't keep up! Is the server overloaded? Running 21121ms or 422 ticks behind
[12:21:39] [Server thread/INFO]: Unknown command. Type "/help" for help.
[12:21:45] [Server thread/INFO]: Yodana issued server command: /hello
[12:21:54] [Server thread/INFO]: Made Yodana a server operator
[12:21:59] [Server thread/INFO]: Yodana issued server command: /hello
[12:22:08] [Server thread/WARN]: Can't keep up! Is the server overloaded? Running 5148ms or 102 ticks behind
[12:22:09] [Server thread/INFO]: Yodana lost connection: Disconnected
[12:22:11] [Server thread/INFO]: Yodana left the game
[12:23:22] [Server thread/INFO]: CONSOLE: Please note that this command is not supported and may cause issues when using some plugins.
[12:23:22] [Server thread/INFO]: CONSOLE: If you encounter any issues please use the /stop command to restart your server.
[12:23:22] [Server thread/INFO]: Debug logging is disabled
[12:23:22] [Server thread/INFO]: Server Ping Player Sample Count: 12
[12:23:22] [Server thread/INFO]: Using 4 threads for Netty based IO
[12:23:22] [Server thread/INFO]: -------- World Settings For [world] --------
[12:23:22] [Server thread/INFO]: Cactus Growth Modifier: 100%
[12:23:22] [Server thread/INFO]: Cane Growth Modifier: 100%
[12:23:22] [Server thread/INFO]: Melon Growth Modifier: 100%
[12:23:22] [Server thread/INFO]: Mushroom Growth Modifier: 100%
[12:23:22] [Server thread/INFO]: Pumpkin Growth Modifier: 100%
[12:23:22] [Server thread/INFO]: Sapling Growth Modifier: 100%
[12:23:22] [Server thread/INFO]: Beetroot Growth Modifier: 100%
[12:23:22] [Server thread/INFO]: Carrot Growth Modifier: 100%
[12:23:22] [Server thread/INFO]: Potato Growth Modifier: 100%
[12:23:22] [Server thread/INFO]: Wheat Growth Modifier: 100%
[12:23:22] [Server thread/INFO]: NetherWart Growth Modifier: 100%
[12:23:22] [Server thread/INFO]: Vine Growth Modifier: 100%
[12:23:22] [Server thread/INFO]: Cocoa Growth Modifier: 100%
[12:23:22] [Server thread/INFO]: Bamboo Growth Modifier: 100%
[12:23:22] [Server thread/INFO]: SweetBerry Growth Modifier: 100%
[12:23:22] [Server thread/INFO]: Kelp Growth Modifier: 100%
[12:23:22] [Server thread/INFO]: Experience Merge Radius: 3.0
[12:23:22] [Server thread/INFO]: Mob Spawn Range: 6
[12:23:22] [Server thread/INFO]: Entity Activation Range: An 32 / Mo 32 / Ra 48 / Mi 16 / Tiv true / Isa false
[12:23:22] [Server thread/INFO]: Entity Tracking Range: Pl 48 / An 48 / Mo 48 / Mi 32 / Other 64
[12:23:22] [Server thread/INFO]: Hopper Transfer: 8 Hopper Check: 1 Hopper Amount: 1 Hopper Can Load Chunks: false
[12:23:22] [Server thread/INFO]: Custom Map Seeds:  Village: 10387312 Desert: 14357617 Igloo: 14357618 Jungle: 14357619 Swamp: 14357620 Monument: 10387313 Ocean: 14357621 Shipwreck: 165745295 End City: 10387313 Slime: 987234911 Nether: 30084232 Mansion: 10387319 Fossil: 14357921 Portal: 34222645
[12:23:22] [Server thread/INFO]: Max TNT Explosions: 100
[12:23:22] [Server thread/INFO]: Tile Max Tick Time: 50ms Entity max Tick Time: 50ms
[12:23:22] [Server thread/INFO]: View Distance: 10
[12:23:22] [Server thread/INFO]: Simulation Distance: 10
[12:23:22] [Server thread/INFO]: Item Merge Radius: 2.5
[12:23:22] [Server thread/INFO]: Item Despawn Rate: 6000
[12:23:22] [Server thread/INFO]: Allow Zombie Pigmen to spawn from portal blocks: true
[12:23:22] [Server thread/INFO]: Arrow Despawn Rate: 1200 Trident Respawn Rate:1200
[12:23:22] [Server thread/INFO]: Zombie Aggressive Towards Villager: true
[12:23:22] [Server thread/INFO]: Nerfing mobs spawned from spawners: false
[12:23:22] [Server thread/INFO]: -------- World Settings For [world_nether] --------
[12:23:22] [Server thread/INFO]: Cactus Growth Modifier: 100%
[12:23:22] [Server thread/INFO]: Cane Growth Modifier: 100%
[12:23:22] [Server thread/INFO]: Melon Growth Modifier: 100%
[12:23:22] [Server thread/INFO]: Mushroom Growth Modifier: 100%
[12:23:22] [Server thread/INFO]: Pumpkin Growth Modifier: 100%
[12:23:22] [Server thread/INFO]: Sapling Growth Modifier: 100%
[12:23:22] [Server thread/INFO]: Beetroot Growth Modifier: 100%
[12:23:22] [Server thread/INFO]: Carrot Growth Modifier: 100%
[12:23:22] [Server thread/INFO]: Potato Growth Modifier: 100%
[12:23:22] [Server thread/INFO]: Wheat Growth Modifier: 100%
[12:23:22] [Server thread/INFO]: NetherWart Growth Modifier: 100%
[12:23:22] [Server thread/INFO]: Vine Growth Modifier: 100%
[12:23:22] [Server thread/INFO]: Cocoa Growth Modifier: 100%
[12:23:22] [Server thread/INFO]: Bamboo Growth Modifier: 100%
[12:23:22] [Server thread/INFO]: SweetBerry Growth Modifier: 100%
[12:23:22] [Server thread/INFO]: Kelp Growth Modifier: 100%
[12:23:22] [Server thread/INFO]: Experience Merge Radius: 3.0
[12:23:22] [Server thread/INFO]: Mob Spawn Range: 6
[12:23:22] [Server thread/INFO]: Entity Activation Range: An 32 / Mo 32 / Ra 48 / Mi 16 / Tiv true / Isa false
[12:23:22] [Server thread/INFO]: Entity Tracking Range: Pl 48 / An 48 / Mo 48 / Mi 32 / Other 64
[12:23:22] [Server thread/INFO]: Hopper Transfer: 8 Hopper Check: 1 Hopper Amount: 1 Hopper Can Load Chunks: false
[12:23:22] [Server thread/INFO]: Custom Map Seeds:  Village: 10387312 Desert: 14357617 Igloo: 14357618 Jungle: 14357619 Swamp: 14357620 Monument: 10387313 Ocean: 14357621 Shipwreck: 165745295 End City: 10387313 Slime: 987234911 Nether: 30084232 Mansion: 10387319 Fossil: 14357921 Portal: 34222645
[12:23:22] [Server thread/INFO]: Max TNT Explosions: 100
[12:23:22] [Server thread/INFO]: Tile Max Tick Time: 50ms Entity max Tick Time: 50ms
[12:23:22] [Server thread/INFO]: View Distance: 10
[12:23:22] [Server thread/INFO]: Simulation Distance: 10
[12:23:22] [Server thread/INFO]: Item Merge Radius: 2.5
[12:23:22] [Server thread/INFO]: Item Despawn Rate: 6000
[12:23:22] [Server thread/INFO]: Allow Zombie Pigmen to spawn from portal blocks: true
[12:23:22] [Server thread/INFO]: Arrow Despawn Rate: 1200 Trident Respawn Rate:1200
[12:23:22] [Server thread/INFO]: Zombie Aggressive Towards Villager: true
[12:23:22] [Server thread/INFO]: Nerfing mobs spawned from spawners: false
[12:23:22] [Server thread/INFO]: -------- World Settings For [world_the_end] --------
[12:23:22] [Server thread/INFO]: Cactus Growth Modifier: 100%
[12:23:22] [Server thread/INFO]: Cane Growth Modifier: 100%
[12:23:22] [Server thread/INFO]: Melon Growth Modifier: 100%
[12:23:22] [Server thread/INFO]: Mushroom Growth Modifier: 100%
[12:23:22] [Server thread/INFO]: Pumpkin Growth Modifier: 100%
[12:23:22] [Server thread/INFO]: Sapling Growth Modifier: 100%
[12:23:22] [Server thread/INFO]: Beetroot Growth Modifier: 100%
[12:23:22] [Server thread/INFO]: Carrot Growth Modifier: 100%
[12:23:22] [Server thread/INFO]: Potato Growth Modifier: 100%
[12:23:22] [Server thread/INFO]: Wheat Growth Modifier: 100%
[12:23:22] [Server thread/INFO]: NetherWart Growth Modifier: 100%
[12:23:22] [Server thread/INFO]: Vine Growth Modifier: 100%
[12:23:22] [Server thread/INFO]: Cocoa Growth Modifier: 100%
[12:23:22] [Server thread/INFO]: Bamboo Growth Modifier: 100%
[12:23:22] [Server thread/INFO]: SweetBerry Growth Modifier: 100%
[12:23:22] [Server thread/INFO]: Kelp Growth Modifier: 100%
[12:23:22] [Server thread/INFO]: Experience Merge Radius: 3.0
[12:23:22] [Server thread/INFO]: Mob Spawn Range: 6
[12:23:22] [Server thread/INFO]: Entity Activation Range: An 32 / Mo 32 / Ra 48 / Mi 16 / Tiv true / Isa false
[12:23:22] [Server thread/INFO]: Entity Tracking Range: Pl 48 / An 48 / Mo 48 / Mi 32 / Other 64
[12:23:22] [Server thread/INFO]: Hopper Transfer: 8 Hopper Check: 1 Hopper Amount: 1 Hopper Can Load Chunks: false
[12:23:22] [Server thread/INFO]: Custom Map Seeds:  Village: 10387312 Desert: 14357617 Igloo: 14357618 Jungle: 14357619 Swamp: 14357620 Monument: 10387313 Ocean: 14357621 Shipwreck: 165745295 End City: 10387313 Slime: 987234911 Nether: 30084232 Mansion: 10387319 Fossil: 14357921 Portal: 34222645
[12:23:22] [Server thread/INFO]: Max TNT Explosions: 100
[12:23:22] [Server thread/INFO]: Tile Max Tick Time: 50ms Entity max Tick Time: 50ms
[12:23:22] [Server thread/INFO]: View Distance: 10
[12:23:22] [Server thread/INFO]: Simulation Distance: 10
[12:23:22] [Server thread/INFO]: Item Merge Radius: 2.5
[12:23:22] [Server thread/INFO]: Item Despawn Rate: 6000
[12:23:22] [Server thread/INFO]: Allow Zombie Pigmen to spawn from portal blocks: true
[12:23:22] [Server thread/INFO]: Arrow Despawn Rate: 1200 Trident Respawn Rate:1200
[12:23:22] [Server thread/INFO]: Zombie Aggressive Towards Villager: true
[12:23:22] [Server thread/INFO]: Nerfing mobs spawned from spawners: false
[12:23:22] [Server thread/INFO]: [naoMachiPlugin] Disabling naoMachiPlugin v1.0
[12:23:23] [Server thread/INFO]: Loaded 7 recipes
[12:23:26] [User Authenticator #2/INFO]: UUID of player Yodana is fa001a88-a42d-4e72-b12d-73f937860c8a
[12:23:27] [Server thread/INFO]: [naoMachiPlugin] Loading naoMachiPlugin v1.0
[12:23:27] [Server thread/INFO]: [naoMachiPlugin] Enabling naoMachiPlugin v1.0
[12:23:27] [Server thread/INFO]: Plugin Started !!
[12:23:27] [Server thread/INFO]: Server permissions file permissions.yml is empty, ignoring it
[12:23:27] [Server thread/INFO]: CONSOLE: Reload complete.
[12:23:27] [Server thread/INFO]: Yodana joined the game
[12:23:28] [Server thread/INFO]: Yodana[/127.0.0.1:56684] logged in with entity id 504 at ([world]15.190848282372285, 68.0, 66.31352506689106)
[12:23:28] [Server thread/WARN]: Can't keep up! Is the server overloaded? Running 5622ms or 112 ticks behind
[12:23:31] [Server thread/INFO]: Yodana issued server command: /hello
[12:23:43] [Server thread/INFO]: Yodana lost connection: Disconnected
[12:23:43] [Server thread/INFO]: Yodana left the game
[12:44:42] [Thread-0/INFO]: Stopping server
